
ProcessID=78012 : Parent_ProcessID=0 : Average_Running_Time=0
ProcessID=78013 : Parent_ProcessID=0 : Average_Running_Time=0
ProcessID=78014 : Parent_ProcessID=0 : Average_Running_Time=0
ProcessID=1 : Parent_ProcessID=0 : Average_Running_Time=.0495
ProcessID=2 : Parent_ProcessID=0 : Average_Running_Time=.0736
Average Sleeping Children of ParentID=0 is .020516
ProcessID=1144 : Parent_ProcessID=1 : Average_Running_Time=1.0834
ProcessID=515 : Parent_ProcessID=1 : Average_Running_Time=1.2569
ProcessID=514 : Parent_ProcessID=1 : Average_Running_Time=1.3135
ProcessID=655 : Parent_ProcessID=1 : Average_Running_Time=1.5347
ProcessID=657 : Parent_ProcessID=1 : Average_Running_Time=1.5973
ProcessID=1167 : Parent_ProcessID=1 : Average_Running_Time=.0247
ProcessID=1344 : Parent_ProcessID=1 : Average_Running_Time=.0485
ProcessID=495 : Parent_ProcessID=1 : Average_Running_Time=.0613
ProcessID=519 : Parent_ProcessID=1 : Average_Running_Time=.0646
ProcessID=516 : Parent_ProcessID=1 : Average_Running_Time=.0854
ProcessID=502 : Parent_ProcessID=1 : Average_Running_Time=.1145
ProcessID=572 : Parent_ProcessID=1 : Average_Running_Time=.1315
ProcessID=499 : Parent_ProcessID=1 : Average_Running_Time=.1504
ProcessID=648 : Parent_ProcessID=1 : Average_Running_Time=.1577
ProcessID=498 : Parent_ProcessID=1 : Average_Running_Time=.1600
ProcessID=1357 : Parent_ProcessID=1 : Average_Running_Time=.1647
ProcessID=511 : Parent_ProcessID=1 : Average_Running_Time=.1931
ProcessID=513 : Parent_ProcessID=1 : Average_Running_Time=.2023
ProcessID=494 : Parent_ProcessID=1 : Average_Running_Time=.2426
ProcessID=764 : Parent_ProcessID=1 : Average_Running_Time=.2700
ProcessID=501 : Parent_ProcessID=1 : Average_Running_Time=.2989
ProcessID=612 : Parent_ProcessID=1 : Average_Running_Time=.3465
ProcessID=238 : Parent_ProcessID=1 : Average_Running_Time=.3872
ProcessID=500 : Parent_ProcessID=1 : Average_Running_Time=.4108
ProcessID=278 : Parent_ProcessID=1 : Average_Running_Time=.4206
ProcessID=518 : Parent_ProcessID=1 : Average_Running_Time=.4714
ProcessID=461 : Parent_ProcessID=1 : Average_Running_Time=.4908
ProcessID=582 : Parent_ProcessID=1 : Average_Running_Time=.5855
ProcessID=865 : Parent_ProcessID=1 : Average_Running_Time=.6283
ProcessID=509 : Parent_ProcessID=1 : Average_Running_Time=.6454
ProcessID=510 : Parent_ProcessID=1 : Average_Running_Time=.6927
ProcessID=462 : Parent_ProcessID=1 : Average_Running_Time=.7729
ProcessID=592 : Parent_ProcessID=1 : Average_Running_Time=.8370
ProcessID=1103 : Parent_ProcessID=1 : Average_Running_Time=.8979
Average Sleeping Children of ParentID=1 is .492441
ProcessID=23 : Parent_ProcessID=2 : Average_Running_Time=0
ProcessID=29 : Parent_ProcessID=2 : Average_Running_Time=0
ProcessID=79 : Parent_ProcessID=2 : Average_Running_Time=0
ProcessID=81 : Parent_ProcessID=2 : Average_Running_Time=0
ProcessID=84 : Parent_ProcessID=2 : Average_Running_Time=0
ProcessID=85 : Parent_ProcessID=2 : Average_Running_Time=0
ProcessID=88 : Parent_ProcessID=2 : Average_Running_Time=1.5384
ProcessID=93 : Parent_ProcessID=2 : Average_Running_Time=3.2760
ProcessID=16 : Parent_ProcessID=2 : Average_Running_Time=.0009
ProcessID=4 : Parent_ProcessID=2 : Average_Running_Time=.0013
ProcessID=9 : Parent_ProcessID=2 : Average_Running_Time=.0014
ProcessID=3 : Parent_ProcessID=2 : Average_Running_Time=.0023
ProcessID=77 : Parent_ProcessID=2 : Average_Running_Time=.0024
ProcessID=13 : Parent_ProcessID=2 : Average_Running_Time=.0025
ProcessID=78 : Parent_ProcessID=2 : Average_Running_Time=.0027
ProcessID=83 : Parent_ProcessID=2 : Average_Running_Time=.0031
ProcessID=334 : Parent_ProcessID=2 : Average_Running_Time=.0034
ProcessID=27 : Parent_ProcessID=2 : Average_Running_Time=.0035
ProcessID=26 : Parent_ProcessID=2 : Average_Running_Time=.0036
ProcessID=82 : Parent_ProcessID=2 : Average_Running_Time=.0037
ProcessID=80 : Parent_ProcessID=2 : Average_Running_Time=.0041
ProcessID=20 : Parent_ProcessID=2 : Average_Running_Time=.0042
ProcessID=28 : Parent_ProcessID=2 : Average_Running_Time=.0044
ProcessID=125 : Parent_ProcessID=2 : Average_Running_Time=.0054
ProcessID=22 : Parent_ProcessID=2 : Average_Running_Time=.0062
ProcessID=89 : Parent_ProcessID=2 : Average_Running_Time=.0068
ProcessID=109 : Parent_ProcessID=2 : Average_Running_Time=.0077
ProcessID=176 : Parent_ProcessID=2 : Average_Running_Time=.0090
ProcessID=21 : Parent_ProcessID=2 : Average_Running_Time=.0108
ProcessID=98 : Parent_ProcessID=2 : Average_Running_Time=.0112
ProcessID=263 : Parent_ProcessID=2 : Average_Running_Time=.0122
ProcessID=6 : Parent_ProcessID=2 : Average_Running_Time=.0126
ProcessID=314 : Parent_ProcessID=2 : Average_Running_Time=.0128
ProcessID=11 : Parent_ProcessID=2 : Average_Running_Time=.0147
ProcessID=15 : Parent_ProcessID=2 : Average_Running_Time=.0150
ProcessID=92 : Parent_ProcessID=2 : Average_Running_Time=.0153
ProcessID=94 : Parent_ProcessID=2 : Average_Running_Time=.0176
ProcessID=96 : Parent_ProcessID=2 : Average_Running_Time=.0178
ProcessID=75453 : Parent_ProcessID=2 : Average_Running_Time=.0186
ProcessID=14 : Parent_ProcessID=2 : Average_Running_Time=.0201
ProcessID=70572 : Parent_ProcessID=2 : Average_Running_Time=.0211
ProcessID=100 : Parent_ProcessID=2 : Average_Running_Time=.0244
ProcessID=280 : Parent_ProcessID=2 : Average_Running_Time=.0297
ProcessID=269 : Parent_ProcessID=2 : Average_Running_Time=.0302
ProcessID=30 : Parent_ProcessID=2 : Average_Running_Time=.0318
ProcessID=12 : Parent_ProcessID=2 : Average_Running_Time=.0321
ProcessID=18 : Parent_ProcessID=2 : Average_Running_Time=.0323
ProcessID=262 : Parent_ProcessID=2 : Average_Running_Time=.0325
ProcessID=279 : Parent_ProcessID=2 : Average_Running_Time=.0326
ProcessID=24 : Parent_ProcessID=2 : Average_Running_Time=.0336
ProcessID=91 : Parent_ProcessID=2 : Average_Running_Time=.0338
ProcessID=10867 : Parent_ProcessID=2 : Average_Running_Time=.0345
ProcessID=175 : Parent_ProcessID=2 : Average_Running_Time=.0390
ProcessID=112 : Parent_ProcessID=2 : Average_Running_Time=.0407
ProcessID=10 : Parent_ProcessID=2 : Average_Running_Time=.0432
ProcessID=272 : Parent_ProcessID=2 : Average_Running_Time=.0447
ProcessID=276 : Parent_ProcessID=2 : Average_Running_Time=.0485
ProcessID=75475 : Parent_ProcessID=2 : Average_Running_Time=.0523
ProcessID=17 : Parent_ProcessID=2 : Average_Running_Time=.0597
ProcessID=20945 : Parent_ProcessID=2 : Average_Running_Time=.0664
ProcessID=198 : Parent_ProcessID=2 : Average_Running_Time=.0716
ProcessID=281 : Parent_ProcessID=2 : Average_Running_Time=.0719
ProcessID=274 : Parent_ProcessID=2 : Average_Running_Time=.0756
ProcessID=78007 : Parent_ProcessID=2 : Average_Running_Time=.0792
ProcessID=126 : Parent_ProcessID=2 : Average_Running_Time=.0848
ProcessID=178 : Parent_ProcessID=2 : Average_Running_Time=.0913
ProcessID=62545 : Parent_ProcessID=2 : Average_Running_Time=.0918
ProcessID=199 : Parent_ProcessID=2 : Average_Running_Time=.0962
ProcessID=95 : Parent_ProcessID=2 : Average_Running_Time=.1457
ProcessID=25 : Parent_ProcessID=2 : Average_Running_Time=.1460
Average Sleeping Children of ParentID=2 is .096984
ProcessID=541 : Parent_ProcessID=498 : Average_Running_Time=.0707
Average Sleeping Children of ParentID=498 is .070700
ProcessID=1120 : Parent_ProcessID=612 : Average_Running_Time=.3476
Average Sleeping Children of ParentID=612 is .347600
ProcessID=1178 : Parent_ProcessID=1120 : Average_Running_Time=.4763
Average Sleeping Children of ParentID=1120 is .476300
ProcessID=1534 : Parent_ProcessID=1144 : Average_Running_Time=1.0899
ProcessID=6853 : Parent_ProcessID=1144 : Average_Running_Time=1.1006
ProcessID=1434 : Parent_ProcessID=1144 : Average_Running_Time=1.3100
ProcessID=1548 : Parent_ProcessID=1144 : Average_Running_Time=2.0857
ProcessID=1406 : Parent_ProcessID=1144 : Average_Running_Time=.0290
ProcessID=1563 : Parent_ProcessID=1144 : Average_Running_Time=.0352
ProcessID=1553 : Parent_ProcessID=1144 : Average_Running_Time=.0433
ProcessID=1543 : Parent_ProcessID=1144 : Average_Running_Time=.0541
ProcessID=1360 : Parent_ProcessID=1144 : Average_Running_Time=.0572
ProcessID=1565 : Parent_ProcessID=1144 : Average_Running_Time=.0591
ProcessID=1580 : Parent_ProcessID=1144 : Average_Running_Time=.0595
ProcessID=1567 : Parent_ProcessID=1144 : Average_Running_Time=.0672
ProcessID=1397 : Parent_ProcessID=1144 : Average_Running_Time=.0674
ProcessID=1399 : Parent_ProcessID=1144 : Average_Running_Time=.0678
ProcessID=1552 : Parent_ProcessID=1144 : Average_Running_Time=.0728
ProcessID=1570 : Parent_ProcessID=1144 : Average_Running_Time=.0737
ProcessID=1566 : Parent_ProcessID=1144 : Average_Running_Time=.0743
ProcessID=3126 : Parent_ProcessID=1144 : Average_Running_Time=.0833
ProcessID=1545 : Parent_ProcessID=1144 : Average_Running_Time=.0933
ProcessID=1157 : Parent_ProcessID=1144 : Average_Running_Time=.1072
ProcessID=1170 : Parent_ProcessID=1144 : Average_Running_Time=.1138
ProcessID=1203 : Parent_ProcessID=1144 : Average_Running_Time=.1185
ProcessID=1161 : Parent_ProcessID=1144 : Average_Running_Time=.1290
ProcessID=1549 : Parent_ProcessID=1144 : Average_Running_Time=.1627
ProcessID=1550 : Parent_ProcessID=1144 : Average_Running_Time=.1659
ProcessID=1576 : Parent_ProcessID=1144 : Average_Running_Time=.1665
ProcessID=1551 : Parent_ProcessID=1144 : Average_Running_Time=.1679
ProcessID=13811 : Parent_ProcessID=1144 : Average_Running_Time=.1788
ProcessID=1544 : Parent_ProcessID=1144 : Average_Running_Time=.1789
ProcessID=1822 : Parent_ProcessID=1144 : Average_Running_Time=.1833
ProcessID=1583 : Parent_ProcessID=1144 : Average_Running_Time=.2068
ProcessID=1460 : Parent_ProcessID=1144 : Average_Running_Time=.2199
ProcessID=33781 : Parent_ProcessID=1144 : Average_Running_Time=.2199
ProcessID=1219 : Parent_ProcessID=1144 : Average_Running_Time=.2298
ProcessID=1409 : Parent_ProcessID=1144 : Average_Running_Time=.2300
ProcessID=1431 : Parent_ProcessID=1144 : Average_Running_Time=.2345
ProcessID=1224 : Parent_ProcessID=1144 : Average_Running_Time=.2369
ProcessID=1688 : Parent_ProcessID=1144 : Average_Running_Time=.2576
ProcessID=1196 : Parent_ProcessID=1144 : Average_Running_Time=.2623
ProcessID=1423 : Parent_ProcessID=1144 : Average_Running_Time=.2719
ProcessID=1649 : Parent_ProcessID=1144 : Average_Running_Time=.2781
ProcessID=1229 : Parent_ProcessID=1144 : Average_Running_Time=.2954
ProcessID=1527 : Parent_ProcessID=1144 : Average_Running_Time=.2997
ProcessID=1481 : Parent_ProcessID=1144 : Average_Running_Time=.3069
ProcessID=33778 : Parent_ProcessID=1144 : Average_Running_Time=.3107
ProcessID=1151 : Parent_ProcessID=1144 : Average_Running_Time=.3521
ProcessID=1175 : Parent_ProcessID=1144 : Average_Running_Time=.3723
ProcessID=1510 : Parent_ProcessID=1144 : Average_Running_Time=.3859
ProcessID=7057 : Parent_ProcessID=1144 : Average_Running_Time=.3930
ProcessID=1207 : Parent_ProcessID=1144 : Average_Running_Time=.3962
ProcessID=1215 : Parent_ProcessID=1144 : Average_Running_Time=.4937
ProcessID=1368 : Parent_ProcessID=1144 : Average_Running_Time=.5075
ProcessID=2575 : Parent_ProcessID=1144 : Average_Running_Time=.5625
ProcessID=1518 : Parent_ProcessID=1144 : Average_Running_Time=.5628
ProcessID=2606 : Parent_ProcessID=1144 : Average_Running_Time=.5782
ProcessID=2322 : Parent_ProcessID=1144 : Average_Running_Time=.6259
ProcessID=1446 : Parent_ProcessID=1144 : Average_Running_Time=.6308
ProcessID=1159 : Parent_ProcessID=1144 : Average_Running_Time=.7252
ProcessID=33789 : Parent_ProcessID=1144 : Average_Running_Time=.7765
ProcessID=2600 : Parent_ProcessID=1144 : Average_Running_Time=.9523
Average Sleeping Children of ParentID=1144 is .339520
ProcessID=1676 : Parent_ProcessID=1170 : Average_Running_Time=.0443
Average Sleeping Children of ParentID=1170 is .044300
ProcessID=1200 : Parent_ProcessID=1178 : Average_Running_Time=.1297
ProcessID=1255 : Parent_ProcessID=1178 : Average_Running_Time=.4764
Average Sleeping Children of ParentID=1178 is .303050
ProcessID=1327 : Parent_ProcessID=1255 : Average_Running_Time=.0585
Average Sleeping Children of ParentID=1255 is .058500
ProcessID=1447 : Parent_ProcessID=1344 : Average_Running_Time=.0602
ProcessID=1352 : Parent_ProcessID=1344 : Average_Running_Time=.1645
ProcessID=1355 : Parent_ProcessID=1344 : Average_Running_Time=.1904
ProcessID=1351 : Parent_ProcessID=1344 : Average_Running_Time=.4413
Average Sleeping Children of ParentID=1344 is .214100
ProcessID=1377 : Parent_ProcessID=1368 : Average_Running_Time=.0935
Average Sleeping Children of ParentID=1368 is .093500
ProcessID=1825 : Parent_ProcessID=1460 : Average_Running_Time=.1649
ProcessID=1604 : Parent_ProcessID=1460 : Average_Running_Time=.1815
ProcessID=1605 : Parent_ProcessID=1460 : Average_Running_Time=.2786
Average Sleeping Children of ParentID=1460 is .208333
ProcessID=1990 : Parent_ProcessID=1481 : Average_Running_Time=.1724
Average Sleeping Children of ParentID=1481 is .172400
ProcessID=7068 : Parent_ProcessID=7057 : Average_Running_Time=.3300
Average Sleeping Children of ParentID=7057 is .330000
ProcessID=78009 : Parent_ProcessID=7068 : Average_Running_Time=2.4805
Average Sleeping Children of ParentID=7068 is 2.480500
ProcessID=13971 : Parent_ProcessID=13811 : Average_Running_Time=.2564
ProcessID=15272 : Parent_ProcessID=13811 : Average_Running_Time=.3178
ProcessID=14015 : Parent_ProcessID=13811 : Average_Running_Time=.3449
ProcessID=14217 : Parent_ProcessID=13811 : Average_Running_Time=.3491
ProcessID=31520 : Parent_ProcessID=13811 : Average_Running_Time=.3702
ProcessID=14321 : Parent_ProcessID=13811 : Average_Running_Time=.4218
ProcessID=14361 : Parent_ProcessID=13811 : Average_Running_Time=.4692
ProcessID=14170 : Parent_ProcessID=13811 : Average_Running_Time=.4776
ProcessID=14493 : Parent_ProcessID=13811 : Average_Running_Time=.5041
ProcessID=14046 : Parent_ProcessID=13811 : Average_Running_Time=.5191
Average Sleeping Children of ParentID=13811 is .403020
ProcessID=78011 : Parent_ProcessID=78009 : Average_Running_Time=.0252
ProcessID=78010 : Parent_ProcessID=78009 : Average_Running_Time=.1273
Average Sleeping Children of ParentID=78009 is .403020
